3175 : 2025-03-24 14:00:39,494 : INFO : telemetry.main : Attempt start. Configuration directory [/home/azureuser/.azure]. Cache directory [/home/azureuser/.azure/telemetry/20250324140039403].
3175 : 2025-03-24 14:00:39,494 : INFO : telemetry.records : 1 cache files to upload.
3175 : 2025-03-24 14:00:39,494 : INFO : telemetry.records : Processed file /home/azureuser/.azure/telemetry/20250324140039403/cache into 1 records.
3175 : 2025-03-24 14:00:39,494 : INFO : telemetry.records : Remove directory /home/azureuser/.azure/telemetry/20250324140039403
3175 : 2025-03-24 14:00:39,495 : INFO : telemetry.client : Accumulated 1 events. Flush the clients.
3175 : 2025-03-24 14:00:39,495 : INFO : telemetry.client : Flush client c4395b75-49cc-422c-bc95-c7d51aef5d46.
3175 : 2025-03-24 14:00:39,560 : INFO : telemetry.sender : Sending 4189 bytes
3175 : 2025-03-24 14:00:39,561 : INFO : telemetry.sender : Finish uploading in 0.065657 seconds.
3296 : 2025-03-24 14:09:39,790 : INFO : telemetry.main : Attempt start. Configuration directory [/home/azureuser/.azure]. Cache directory [/home/azureuser/.azure/telemetry/20250324140939700].
3296 : 2025-03-24 14:09:39,790 : INFO : telemetry.records : 1 cache files to upload.
3296 : 2025-03-24 14:09:39,790 : INFO : telemetry.records : Processed file /home/azureuser/.azure/telemetry/20250324140939700/cache into 1 records.
3296 : 2025-03-24 14:09:39,791 : INFO : telemetry.records : Remove directory /home/azureuser/.azure/telemetry/20250324140939700
3296 : 2025-03-24 14:09:39,791 : INFO : telemetry.client : Accumulated 1 events. Flush the clients.
3296 : 2025-03-24 14:09:39,791 : INFO : telemetry.client : Flush client c4395b75-49cc-422c-bc95-c7d51aef5d46.
3296 : 2025-03-24 14:09:39,860 : INFO : telemetry.sender : Sending 4245 bytes
3296 : 2025-03-24 14:09:39,861 : INFO : telemetry.sender : Finish uploading in 0.069342 seconds.
3326 : 2025-03-24 14:10:23,952 : INFO : telemetry.main : Attempt start. Configuration directory [/home/azureuser/.azure]. Cache directory [/home/azureuser/.azure/telemetry/20250324141023859].
3326 : 2025-03-24 14:10:23,952 : INFO : telemetry.records : 1 cache files to upload.
3326 : 2025-03-24 14:10:23,952 : INFO : telemetry.records : Processed file /home/azureuser/.azure/telemetry/20250324141023859/cache into 1 records.
3326 : 2025-03-24 14:10:23,952 : INFO : telemetry.records : Remove directory /home/azureuser/.azure/telemetry/20250324141023859
3326 : 2025-03-24 14:10:23,953 : INFO : telemetry.client : Accumulated 1 events. Flush the clients.
3326 : 2025-03-24 14:10:23,953 : INFO : telemetry.client : Flush client c4395b75-49cc-422c-bc95-c7d51aef5d46.
3326 : 2025-03-24 14:10:24,017 : INFO : telemetry.sender : Sending 4315 bytes
3326 : 2025-03-24 14:10:24,017 : INFO : telemetry.sender : Finish uploading in 0.063891 seconds.
